#
# A fatal error has been detected by the Java Runtime Environment:
#
#  EXCEPTION_ACCESS_VIOLATION (0xc0000005) at pc=0x0000000003a86fae, pid=16056, tid=0x0000000000001a78
#
# JRE version: Java(TM) SE Runtime Environment (8.0_171-b11) (build 1.8.0_171-b11)
# Java VM: Java HotSpot(TM) 64-Bit Server VM (25.171-b11 mixed mode windows-amd64 compressed oops)
# Problematic frame:
# J 1484 C1 sun.awt.SunToolkit.getAppContext(Ljava/lang/Object;)Lsun/awt/AppContext; (42 bytes) @ 0x0000000003a86fae [0x0000000003a86f40+0x6e]
#
# Failed to write core dump. Minidumps are not enabled by default on client versions of Windows
#
# If you would like to submit a bug report, please visit:
#   http://bugreport.java.com/bugreport/crash.jsp
#

---------------  T H R E A D  ---------------

Current thread (0x000000001a432800):  JavaThread "AWT-EventQueue-0" [_thread_in_Java, id=6776, stack(0x000000001c000000,0x000000001c100000)]

siginfo: ExceptionCode=0xc0000005, reading address 0x0000000000000132

Registers:
RAX=0x0000000018017d98, RBX=0x00000001000823d0, RCX=0x000000001c1d2e60, RDX=0x000000000000012a
RSP=0x000000001c0f98a0, RBP=0x000000001c0f99b0, RSI=0x00000000000006a8, RDI=0x0000000000000108
R8 =0x0000000018017ce8, R9 =0x00000000199e56c0, R10=0x000000006f2922a0, R11=0x0000000003a4b020
R12=0x0000000000000000, R13=0x000000001c0f9968, R14=0x000000001c0f99c0, R15=0x000000001a432800
RIP=0x0000000003a86fae, EFLAGS=0x0000000000010202

Top of Stack: (sp=0x000000001c0f98a0)
0x000000001c0f98a0:   0000000000000000 0000000082748068
0x000000001c0f98b0:   00000000827480a0 0000000018017d98
0x000000001c0f98c0:   000000001a432800 0000000000000000
0x000000001c0f98d0:   000000000000012a 0000000003997f64
0x000000001c0f98e0:   000000001c0f99b0 0000000003a4b0bc
0x000000001c0f98f0:   000000008274a910 000000001a432800
0x000000001c0f9900:   000000001c0f99c0 000000001812a9dd
0x000000001c0f9910:   0000000000000000 00000049097b5d09
0x000000001c0f9920:   000000000000012a 00000000000000b8
0x000000001c0f9930:   000000001c0f99b0 000000000387566c
0x000000001c0f9940:   000000001c0f9a00 00000000000000b8
0x000000001c0f9950:   000000001c0f99b0 00000000038580e0
0x000000001c0f9960:   00000000038580e0 000000000000012a
0x000000001c0f9970:   000000001c0f9970 000000001812a9dd
0x000000001c0f9980:   000000001c0f99c0 000000001c1d2e60
0x000000001c0f9990:   000000001c2a8c08 000000001812aa00 

Instructions: (pc=0x0000000003a86fae)
0x0000000003a86f8e:   e0 27 1c 00 00 00 00 81 8f 00 01 00 00 00 01 00
0x0000000003a86f9e:   00 e9 c1 00 00 00 48 bb d0 23 08 00 01 00 00 00
0x0000000003a86fae:   8b 7a 08 48 c1 e7 03 48 3b 5f 30 0f 85 8a 00 00
0x0000000003a86fbe:   00 48 bf 38 e0 27 1c 00 00 00 00 8b 5a 08 48 c1 


Register to memory mapping:

RAX={method} {0x0000000018017da0} 'targetToAppContext' '(Ljava/lang/Object;)Lsun/awt/AppContext;' in 'sun/awt/SunToolkit'
RBX=0x00000001000823d0 is pointing into metadata
RCX=0x000000001c1d2e60 is pointing into metadata
RDX=0x000000000000012a is an unknown value
RSP=0x000000001c0f98a0 is pointing into the stack for thread: 0x000000001a432800
RBP=0x000000001c0f99b0 is pointing into the stack for thread: 0x000000001a432800
RSI=0x00000000000006a8 is an unknown value
RDI=0x0000000000000108 is an unknown value
R8 ={method} {0x0000000018017cf0} 'getAppContext' '(Ljava/lang/Object;)Lsun/awt/AppContext;' in 'sun/awt/SunToolkit'
R9 =0x00000000199e56c0 is an unknown value
R10=0x000000006f2922a0 is an unknown value
R11=0x0000000003a4b020 is at entry_point+0 in (nmethod*)0x0000000003a4ae90
R12=0x0000000000000000 is an unknown value
R13=0x000000001c0f9968 is pointing into the stack for thread: 0x000000001a432800
R14=0x000000001c0f99c0 is pointing into the stack for thread: 0x000000001a432800
R15=0x000000001a432800 is a thread


Stack: [0x000000001c000000,0x000000001c100000],  sp=0x000000001c0f98a0,  free space=998k
Native frames: (J=compiled Java code, j=interpreted, Vv=VM code, C=native code)
C  0x0000000003a86fae


---------------  P R O C E S S  ---------------

Java Threads: ( => current thread )
  0x000000001a433000 JavaThread "DestroyJavaVM" [_thread_blocked, id=432, stack(0x00000000034f0000,0x00000000035f0000)]
  0x000000001a431800 JavaThread "Animation Thread" [_thread_in_Java, id=14240, stack(0x000000001cbf0000,0x000000001ccf0000)]
=>0x000000001a432800 JavaThread "AWT-EventQueue-0" [_thread_in_Java, id=6776, stack(0x000000001c000000,0x000000001c100000)]
  0x000000001a434000 JavaThread "AWT-Shutdown" [_thread_blocked, id=296, stack(0x000000001bc70000,0x000000001bd70000)]
  0x000000001a436000 JavaThread "AWT-Windows" daemon [_thread_in_native, id=6352, stack(0x000000001bd70000,0x000000001be70000)]
  0x000000001a435800 JavaThread "Java2D Disposer" daemon [_thread_blocked, id=9736, stack(0x000000001bb70000,0x000000001bc70000)]
  0x0000000019851800 JavaThread "Service Thread" daemon [_thread_blocked, id=1516, stack(0x000000001a0f0000,0x000000001a1f0000)]
  0x000000001977f800 JavaThread "C1 CompilerThread2" daemon [_thread_blocked, id=1072, stack(0x0000000019ff0000,0x000000001a0f0000)]
  0x000000001977e800 JavaThread "C2 CompilerThread1" daemon [_thread_blocked, id=16236, stack(0x0000000019ef0000,0x0000000019ff0000)]
  0x000000001977d000 JavaThread "C2 CompilerThread0" daemon [_thread_blocked, id=1996, stack(0x0000000019df0000,0x0000000019ef0000)]
  0x000000001977a000 JavaThread "Monitor Ctrl-Break" daemon [_thread_in_native, id=9716, stack(0x0000000019cf0000,0x0000000019df0000)]
  0x00000000183af800 JavaThread "Attach Listener" daemon [_thread_blocked, id=9048, stack(0x0000000019bf0000,0x0000000019cf0000)]
  0x00000000196f8800 JavaThread "Signal Dispatcher" daemon [_thread_blocked, id=4772, stack(0x0000000019af0000,0x0000000019bf0000)]
  0x0000000018389000 JavaThread "Finalizer" daemon [_thread_blocked, id=15836, stack(0x00000000195f0000,0x00000000196f0000)]
  0x0000000003844000 JavaThread "Reference Handler" daemon [_thread_blocked, id=5696, stack(0x00000000194f0000,0x00000000195f0000)]

Other Threads:
  0x0000000018368000 VMThread [stack: 0x00000000193f0000,0x00000000194f0000] [id=8188]
  0x0000000019874800 WatcherThread [stack: 0x000000001a1f0000,0x000000001a2f0000] [id=15936]

VM state:not at safepoint (normal execution)

VM Mutex/Monitor currently owned by a thread: None

Heap:
 PSYoungGen      total 646656K, used 146147K [0x00000000d5d80000, 0x0000000100000000, 0x0000000100000000)
  eden space 602624K, 16% used [0x00000000d5d80000,0x00000000dc138eb0,0x00000000faa00000)
  from space 44032K, 100% used [0x00000000faa00000,0x00000000fd500000,0x00000000fd500000)
  to   space 44032K, 0% used [0x00000000fd500000,0x00000000fd500000,0x0000000100000000)
 ParOldGen       total 167936K, used 120272K [0x0000000081800000, 0x000000008bc00000, 0x00000000d5d80000)
  object space 167936K, 71% used [0x0000000081800000,0x0000000088d740a0,0x000000008bc00000)
 Metaspace       used 10963K, capacity 11264K, committed 11520K, reserved 1058816K
  class space    used 1162K, capacity 1255K, committed 1280K, reserved 1048576K

Card table byte_map: [0x0000000012c10000,0x0000000013010000] byte_map_base: 0x0000000012804000

Marking Bits: (ParMarkBitMap*) 0x000000006f2b08c0
 Begin Bits: [0x00000000136c0000, 0x0000000015660000)
 End Bits:   [0x0000000015660000, 0x0000000017600000)

Polling page: 0x0000000001890000

CodeCache: size=245760Kb used=5013Kb max_used=5038Kb free=240746Kb
 bounds [0x0000000003850000, 0x0000000003d70000, 0x0000000012850000]
 total_blobs=1936 nmethods=1424 adapters=425
 compilation: enabled

Compilation events (10 events):
Event: 25.729 Thread 0x000000001977f800 1760       3       processing.core.PGraphics::fill (10 bytes)
Event: 25.730 Thread 0x000000001977f800 nmethod 1760 0x0000000003a7ead0 code [0x0000000003a7ec40, 0x0000000003a7ef18]
Event: 25.730 Thread 0x000000001977f800 1761       3       sun.java2d.SunGraphics2D::drawImage (11 bytes)
Event: 25.730 Thread 0x000000001977f800 nmethod 1761 0x0000000003a7e6d0 code [0x0000000003a7e840, 0x0000000003a7ea48]
Event: 25.730 Thread 0x000000001977f800 1762   !   3       sun.java2d.SunGraphics2D::drawImage (145 bytes)
Event: 25.731 Thread 0x000000001977f800 nmethod 1762 0x0000000003a7c6d0 code [0x0000000003a7c940, 0x0000000003a7ddb8]
Event: 25.732 Thread 0x000000001977f800 1763       1       sun.java2d.pipe.RenderQueue::getBuffer (5 bytes)
Event: 25.732 Thread 0x000000001977f800 nmethod 1763 0x0000000003a7c410 code [0x0000000003a7c560, 0x0000000003a7c670]
Event: 25.732 Thread 0x000000001977f800 1764       1       sun.java2d.SurfaceDataProxy::isValid (5 bytes)
Event: 25.732 Thread 0x000000001977f800 nmethod 1764 0x0000000003a7c150 code [0x0000000003a7c2a0, 0x0000000003a7c3b0]

GC Heap History (10 events):
Event: 14.414 GC heap before
{Heap before GC invocations=24 (full 0):
 PSYoungGen      total 448512K, used 448480K [0x00000000d5d80000, 0x00000000ff900000, 0x0000000100000000)
  eden space 446976K, 100% used [0x00000000d5d80000,0x00000000f1200000,0x00000000f1200000)
  from space 1536K, 97% used [0x00000000ff600000,0x00000000ff778020,0x00000000ff780000)
  to   space 1536K, 0% used [0x00000000ff780000,0x00000000ff780000,0x00000000ff900000)
 ParOldGen       total 87552K, used 17006K [0x0000000081800000, 0x0000000086d80000, 0x00000000d5d80000)
  object space 87552K, 19% used [0x0000000081800000,0x000000008289b9a0,0x0000000086d80000)
 Metaspace       used 10769K, capacity 11064K, committed 11264K, reserved 1058816K
  class space    used 1161K, capacity 1255K, committed 1280K, reserved 1048576K
Event: 14.492 GC heap after
Heap after GC invocations=24 (full 0):
 PSYoungGen      total 428032K, used 1536K [0x00000000d5d80000, 0x00000000ff900000, 0x0000000100000000)
  eden space 426496K, 0% used [0x00000000d5d80000,0x00000000d5d80000,0x00000000efe00000)
  from space 1536K, 100% used [0x00000000ff780000,0x00000000ff900000,0x00000000ff900000)
  to   space 20992K, 0% used [0x00000000fd000000,0x00000000fd000000,0x00000000fe480000)
 ParOldGen       total 87552K, used 55802K [0x0000000081800000, 0x0000000086d80000, 0x00000000d5d80000)
  object space 87552K, 63% used [0x0000000081800000,0x0000000084e7e840,0x0000000086d80000)
 Metaspace       used 10769K, capacity 11064K, committed 11264K, reserved 1058816K
  class space    used 1161K, capacity 1255K, committed 1280K, reserved 1048576K
}
Event: 17.145 GC heap before
{Heap before GC invocations=25 (full 0):
 PSYoungGen      total 428032K, used 428032K [0x00000000d5d80000, 0x00000000ff900000, 0x0000000100000000)
  eden space 426496K, 100% used [0x00000000d5d80000,0x00000000efe00000,0x00000000efe00000)
  from space 1536K, 100% used [0x00000000ff780000,0x00000000ff900000,0x00000000ff900000)
  to   space 20992K, 0% used [0x00000000fd000000,0x00000000fd000000,0x00000000fe480000)
 ParOldGen       total 87552K, used 55802K [0x0000000081800000, 0x0000000086d80000, 0x00000000d5d80000)
  object space 87552K, 63% used [0x0000000081800000,0x0000000084e7e840,0x0000000086d80000)
 Metaspace       used 10877K, capacity 11128K, committed 11264K, reserved 1058816K
  class space    used 1161K, capacity 1255K, committed 1280K, reserved 1048576K
Event: 17.261 GC heap after
Heap after GC invocations=25 (full 0):
 PSYoungGen      total 575488K, used 20960K [0x00000000d5d80000, 0x00000000ff800000, 0x0000000100000000)
  eden space 554496K, 0% used [0x00000000d5d80000,0x00000000d5d80000,0x00000000f7b00000)
  from space 20992K, 99% used [0x00000000fd000000,0x00000000fe478010,0x00000000fe480000)
  to   space 19968K, 0% used [0x00000000fe480000,0x00000000fe480000,0x00000000ff800000)
 ParOldGen       total 87552K, used 76402K [0x0000000081800000, 0x0000000086d80000, 0x00000000d5d80000)
  object space 87552K, 87% used [0x0000000081800000,0x000000008629c840,0x0000000086d80000)
 Metaspace       used 10877K, capacity 11128K, committed 11264K, reserved 1058816K
  class space    used 1161K, capacity 1255K, committed 1280K, reserved 1048576K
}
Event: 17.261 GC heap before
{Heap before GC invocations=26 (full 1):
 PSYoungGen      total 575488K, used 20960K [0x00000000d5d80000, 0x00000000ff800000, 0x0000000100000000)
  eden space 554496K, 0% used [0x00000000d5d80000,0x00000000d5d80000,0x00000000f7b00000)
  from space 20992K, 99% used [0x00000000fd000000,0x00000000fe478010,0x00000000fe480000)
  to   space 19968K, 0% used [0x00000000fe480000,0x00000000fe480000,0x00000000ff800000)
 ParOldGen       total 87552K, used 76402K [0x0000000081800000, 0x0000000086d80000, 0x00000000d5d80000)
  object space 87552K, 87% used [0x0000000081800000,0x000000008629c840,0x0000000086d80000)
 Metaspace       used 10877K, capacity 11128K, committed 11264K, reserved 1058816K
  class space    used 1161K, capacity 1255K, committed 1280K, reserved 1048576K
Event: 17.999 GC heap after
Heap after GC invocations=26 (full 1):
 PSYoungGen      total 575488K, used 4571K [0x00000000d5d80000, 0x00000000ff800000, 0x0000000100000000)
  eden space 554496K, 0% used [0x00000000d5d80000,0x00000000d5d80000,0x00000000f7b00000)
  from space 20992K, 21% used [0x00000000fd000000,0x00000000fd476e20,0x00000000fe480000)
  to   space 19968K, 0% used [0x00000000fe480000,0x00000000fe480000,0x00000000ff800000)
 ParOldGen       total 167936K, used 87304K [0x0000000081800000, 0x000000008bc00000, 0x00000000d5d80000)
  object space 167936K, 51% used [0x0000000081800000,0x0000000086d420a0,0x000000008bc00000)
 Metaspace       used 10877K, capacity 11128K, committed 11264K, reserved 1058816K
  class space    used 1161K, capacity 1255K, committed 1280K, reserved 1048576K
}
Event: 21.216 GC heap before
{Heap before GC invocations=27 (full 1):
 PSYoungGen      total 575488K, used 559067K [0x00000000d5d80000, 0x00000000ff800000, 0x0000000100000000)
  eden space 554496K, 100% used [0x00000000d5d80000,0x00000000f7b00000,0x00000000f7b00000)
  from space 20992K, 21% used [0x00000000fd000000,0x00000000fd476e20,0x00000000fe480000)
  to   space 19968K, 0% used [0x00000000fe480000,0x00000000fe480000,0x00000000ff800000)
 ParOldGen       total 167936K, used 87304K [0x0000000081800000, 0x000000008bc00000, 0x00000000d5d80000)
  object space 167936K, 51% used [0x0000000081800000,0x0000000086d420a0,0x000000008bc00000)
 Metaspace       used 10907K, capacity 11192K, committed 11520K, reserved 1058816K
  class space    used 1161K, capacity 1255K, committed 1280K, reserved 1048576K
Event: 21.401 GC heap after
Heap after GC invocations=27 (full 1):
 PSYoungGen      total 622592K, used 19968K [0x00000000d5d80000, 0x0000000100000000, 0x0000000100000000)
  eden space 602624K, 0% used [0x00000000d5d80000,0x00000000d5d80000,0x00000000faa00000)
  from space 19968K, 100% used [0x00000000fe480000,0x00000000ff800000,0x00000000ff800000)
  to   space 44032K, 0% used [0x00000000faa00000,0x00000000faa00000,0x00000000fd500000)
 ParOldGen       total 167936K, used 113488K [0x0000000081800000, 0x000000008bc00000, 0x00000000d5d80000)
  object space 167936K, 67% used [0x0000000081800000,0x00000000886d40a0,0x000000008bc00000)
 Metaspace       used 10907K, capacity 11192K, committed 11520K, reserved 1058816K
  class space    used 1161K, capacity 1255K, committed 1280K, reserved 1048576K
}
Event: 24.988 GC heap before
{Heap before GC invocations=28 (full 1):
 PSYoungGen      total 622592K, used 622592K [0x00000000d5d80000, 0x0000000100000000, 0x0000000100000000)
  eden space 602624K, 100% used [0x00000000d5d80000,0x00000000faa00000,0x00000000faa00000)
  from space 19968K, 100% used [0x00000000fe480000,0x00000000ff800000,0x00000000ff800000)
  to   space 44032K, 0% used [0x00000000faa00000,0x00000000faa00000,0x00000000fd500000)
 ParOldGen       total 167936K, used 113488K [0x0000000081800000, 0x000000008bc00000, 0x00000000d5d80000)
  object space 167936K, 67% used [0x0000000081800000,0x00000000886d40a0,0x000000008bc00000)
 Metaspace       used 10946K, capacity 11200K, committed 11520K, reserved 1058816K
  class space    used 1161K, capacity 1255K, committed 1280K, reserved 1048576K
Event: 25.233 GC heap after
Heap after GC invocations=28 (full 1):
 PSYoungGen      total 646656K, used 44032K [0x00000000d5d80000, 0x0000000100000000, 0x0000000100000000)
  eden space 602624K, 0% used [0x00000000d5d80000,0x00000000d5d80000,0x00000000faa00000)
  from space 44032K, 100% used [0x00000000faa00000,0x00000000fd500000,0x00000000fd500000)
  to   space 44032K, 0% used [0x00000000fd500000,0x00000000fd500000,0x0000000100000000)
 ParOldGen       total 167936K, used 120272K [0x0000000081800000, 0x000000008bc00000, 0x00000000d5d80000)
  object space 167936K, 71% used [0x0000000081800000,0x0000000088d740a0,0x000000008bc00000)
 Metaspace       used 10946K, capacity 11200K, committed 11520K, reserved 1058816K
  class space    used 1161K, capacity 1255K, committed 1280K, reserved 1048576K
}

Deoptimization events (10 events):
Event: 11.041 Thread 0x000000001a431800 Uncommon trap: reason=class_check action=maybe_recompile pc=0x0000000003cc5c20 method=sun.java2d.loops.SurfaceType.pixelFor(ILjava/awt/image/ColorModel;)I @ 6
Event: 11.047 Thread 0x000000001a431800 Uncommon trap: reason=class_check action=maybe_recompile pc=0x0000000003cc5c20 method=sun.java2d.loops.SurfaceType.pixelFor(ILjava/awt/image/ColorModel;)I @ 6
Event: 11.048 Thread 0x000000001a431800 Uncommon trap: reason=class_check action=maybe_recompile pc=0x0000000003cc5c20 method=sun.java2d.loops.SurfaceType.pixelFor(ILjava/awt/image/ColorModel;)I @ 6
Event: 11.048 Thread 0x000000001a431800 Uncommon trap: reason=class_check action=maybe_recompile pc=0x0000000003cc5c20 method=sun.java2d.loops.SurfaceType.pixelFor(ILjava/awt/image/ColorModel;)I @ 6
Event: 11.062 Thread 0x000000001a432800 Uncommon trap: reason=class_check action=maybe_recompile pc=0x0000000003cc5888 method=sun.java2d.loops.SurfaceType.pixelFor(ILjava/awt/image/ColorModel;)I @ 6
Event: 11.523 Thread 0x000000001a431800 Uncommon trap: reason=unstable_if action=reinterpret pc=0x00000000039d0d50 method=java.util.Hashtable.put(Ljava/lang/Object;Ljava/lang/Object;)Ljava/lang/Object; @ 51
Event: 17.999 Thread 0x0000000003844000 Uncommon trap: reason=unstable_if action=reinterpret pc=0x0000000003bbe61c method=java.lang.ref.Reference.tryHandlePending(Z)Z @ 20
Event: 18.116 Thread 0x000000001a435800 Uncommon trap: reason=speculate_class_check action=maybe_recompile pc=0x0000000003c4ae6c method=java.util.Hashtable.remove(Ljava/lang/Object;)Ljava/lang/Object; @ 6
Event: 18.190 Thread 0x000000001a435800 Uncommon trap: reason=speculate_class_check action=maybe_recompile pc=0x0000000003c4ae6c method=java.util.Hashtable.remove(Ljava/lang/Object;)Ljava/lang/Object; @ 6
Event: 21.401 Thread 0x000000001a431800 Uncommon trap: reason=null_check action=make_not_entrant pc=0x0000000003cb890c method=sun.java2d.pipe.AlphaPaintPipe.renderPathTile(Ljava/lang/Object;[BIIIIII)V @ 57

Classes redefined (0 events):
No events

Internal exceptions (10 events):
Event: 0.236 Thread 0x0000000003753800 Exception <a 'java/security/PrivilegedActionException'> (0x00000000d6132fb8) thrown at [C:\re\workspace\8-2-build-windows-amd64-cygwin\jdk8u171\10807\hotspot\src\share\vm\prims\jvm.cpp, line 1435]
Event: 1.130 Thread 0x0000000003753800 Exception <a 'java/io/FileNotFoundException'> (0x00000000d6c04408) thrown at [C:\re\workspace\8-2-build-windows-amd64-cygwin\jdk8u171\10807\hotspot\src\share\vm\prims\jni.cpp, line 709]
Event: 1.173 Thread 0x0000000003753800 Exception <a 'java/lang/NoSuchFieldError': method resolution failed> (0x00000000d6d33338) thrown at [C:\re\workspace\8-2-build-windows-amd64-cygwin\jdk8u171\10807\hotspot\src\share\vm\prims\methodHandles.cpp, line 1167]
Event: 1.177 Thread 0x0000000003753800 Exception <a 'java/lang/NoSuchFieldError': method resolution failed> (0x00000000d6d40ef8) thrown at [C:\re\workspace\8-2-build-windows-amd64-cygwin\jdk8u171\10807\hotspot\src\share\vm\prims\methodHandles.cpp, line 1167]
Event: 10.479 Thread 0x0000000003753800 Exception <a 'java/io/FileNotFoundException'> (0x00000000e9079b60) thrown at [C:\re\workspace\8-2-build-windows-amd64-cygwin\jdk8u171\10807\hotspot\src\share\vm\prims\jni.cpp, line 709]
Event: 10.523 Thread 0x0000000003753800 Exception <a 'java/io/FileNotFoundException'> (0x00000000e9203280) thrown at [C:\re\workspace\8-2-build-windows-amd64-cygwin\jdk8u171\10807\hotspot\src\share\vm\prims\jni.cpp, line 709]
Event: 10.523 Thread 0x0000000003753800 Exception <a 'java/lang/NullPointerException'> (0x00000000e92038b8) thrown at [C:\re\workspace\8-2-build-windows-amd64-cygwin\jdk8u171\10807\hotspot\src\share\vm\interpreter\linkResolver.cpp, line 1185]
Event: 10.549 Thread 0x0000000003753800 Exception <a 'java/lang/NullPointerException'> (0x00000000e924f438) thrown at [C:\re\workspace\8-2-build-windows-amd64-cygwin\jdk8u171\10807\hotspot\src\share\vm\interpreter\linkResolver.cpp, line 1287]
Event: 21.401 Thread 0x000000001a431800 Implicit null exception at 0x0000000003cb695d to 0x0000000003cb88e5
Event: 25.768 Thread 0x000000001a432800 Implicit null exception at 0x0000000003a86fae to 0x0000000000000000

Events (10 events):
Event: 20.389 Thread 0x000000001977d000 flushing nmethod 0x0000000003cd77d0
Event: 20.389 Thread 0x000000001977d000 flushing nmethod 0x0000000003cd89d0
Event: 20.389 Thread 0x000000001977d000 flushing nmethod 0x0000000003ce9c90
Event: 21.216 Executing VM operation: ParallelGCFailedAllocation
Event: 21.401 Executing VM operation: ParallelGCFailedAllocation done
Event: 21.401 Thread 0x000000001a431800 Uncommon trap: trap_request=0xfffffff4 fr.pc=0x0000000003cb890c
Event: 21.401 Thread 0x000000001a431800 DEOPT PACKING pc=0x0000000003cb890c sp=0x000000001cceed10
Event: 21.401 Thread 0x000000001a431800 DEOPT UNPACKING pc=0x000000000389583b sp=0x000000001cceecf8 mode 2
Event: 24.988 Executing VM operation: ParallelGCFailedAllocation
Event: 25.233 Executing VM operation: ParallelGCFailedAllocation done


Dynamic libraries:
0x00007ff607300000 - 0x00007ff607337000 	C:\Program Files\Java\jdk1.8.0_171\bin\java.exe
0x00007fff38360000 - 0x00007fff38550000 	C:\WINDOWS\SYSTEM32\ntdll.dll
0x00007fff38260000 - 0x00007fff38312000 	C:\WINDOWS\System32\KERNEL32.DLL
0x00007fff35620000 - 0x00007fff358c3000 	C:\WINDOWS\System32\KERNELBASE.dll
0x00007fff36770000 - 0x00007fff36813000 	C:\WINDOWS\System32\ADVAPI32.dll
0x00007fff381c0000 - 0x00007fff3825e000 	C:\WINDOWS\System32\msvcrt.dll
0x00007fff366c0000 - 0x00007fff36757000 	C:\WINDOWS\System32\sechost.dll
0x00007fff36e50000 - 0x00007fff36f70000 	C:\WINDOWS\System32\RPCRT4.dll
0x00007fff36a60000 - 0x00007fff36bf4000 	C:\WINDOWS\System32\USER32.dll
0x00007fff354f0000 - 0x00007fff35511000 	C:\WINDOWS\System32\win32u.dll
0x00007fff36d90000 - 0x00007fff36db6000 	C:\WINDOWS\System32\GDI32.dll
0x00007fff35350000 - 0x00007fff354e4000 	C:\WINDOWS\System32\gdi32full.dll
0x00007fff360f0000 - 0x00007fff3618e000 	C:\WINDOWS\System32\msvcp_win.dll
0x00007fff35520000 - 0x00007fff3561a000 	C:\WINDOWS\System32\ucrtbase.dll
0x00007fff250d0000 - 0x00007fff25355000 	C:\WINDOWS\WinSxS\amd64_microsoft.windows.common-controls_6595b64144ccf1df_6.0.18362.535_none_e6c3b34713100821\COMCTL32.dll
0x00007fff37600000 - 0x00007fff37936000 	C:\WINDOWS\System32\combase.dll
0x00007fff36390000 - 0x00007fff36410000 	C:\WINDOWS\System32\bcryptPrimitives.dll
0x00007fff36a30000 - 0x00007fff36a5e000 	C:\WINDOWS\System32\IMM32.DLL
0x00000000703a0000 - 0x0000000070472000 	C:\Program Files\Java\jdk1.8.0_171\jre\bin\msvcr100.dll
0x000000006ea90000 - 0x000000006f330000 	C:\Program Files\Java\jdk1.8.0_171\jre\bin\server\jvm.dll
0x00007fff36c00000 - 0x00007fff36c08000 	C:\WINDOWS\System32\PSAPI.DLL
0x00007fff33d40000 - 0x00007fff33d49000 	C:\WINDOWS\SYSTEM32\WSOCK32.dll
0x00007fff370a0000 - 0x00007fff3710f000 	C:\WINDOWS\System32\WS2_32.dll
0x00007fff2e1b0000 - 0x00007fff2e1d4000 	C:\WINDOWS\SYSTEM32\WINMM.dll
0x00007fff2ec30000 - 0x00007fff2ec3a000 	C:\WINDOWS\SYSTEM32\VERSION.dll
0x00007fff2e180000 - 0x00007fff2e1ad000 	C:\WINDOWS\SYSTEM32\winmmbase.dll
0x00007fff360a0000 - 0x00007fff360ea000 	C:\WINDOWS\System32\cfgmgr32.dll
0x0000000070390000 - 0x000000007039f000 	C:\Program Files\Java\jdk1.8.0_171\jre\bin\verify.dll
0x0000000070360000 - 0x0000000070389000 	C:\Program Files\Java\jdk1.8.0_171\jre\bin\java.dll
0x0000000070310000 - 0x0000000070333000 	C:\Program Files\Java\jdk1.8.0_171\jre\bin\instrument.dll
0x0000000070340000 - 0x0000000070356000 	C:\Program Files\Java\jdk1.8.0_171\jre\bin\zip.dll
0x00007fff379a0000 - 0x00007fff38085000 	C:\WINDOWS\System32\SHELL32.dll
0x00007fff38090000 - 0x00007fff38139000 	C:\WINDOWS\System32\shcore.dll
0x00007fff358d0000 - 0x00007fff3604f000 	C:\WINDOWS\System32\windows.storage.dll
0x00007fff352d0000 - 0x00007fff352ef000 	C:\WINDOWS\System32\profapi.dll
0x00007fff35240000 - 0x00007fff3528a000 	C:\WINDOWS\System32\powrprof.dll
0x00007fff35230000 - 0x00007fff35240000 	C:\WINDOWS\System32\UMPDC.dll
0x00007fff369d0000 - 0x00007fff36a22000 	C:\WINDOWS\System32\shlwapi.dll
0x00007fff35290000 - 0x00007fff352a1000 	C:\WINDOWS\System32\kernel.appcore.dll
0x00007fff36080000 - 0x00007fff36097000 	C:\WINDOWS\System32\cryptsp.dll
0x00007fff1b130000 - 0x00007fff1b14a000 	C:\Program Files\JetBrains\IntelliJ IDEA Community Edition 2019.1\bin\breakgen64.dll
0x000000006fdf0000 - 0x000000006fe0a000 	C:\Program Files\Java\jdk1.8.0_171\jre\bin\net.dll
0x00007fff34aa0000 - 0x00007fff34b07000 	C:\WINDOWS\system32\mswsock.dll
0x000000006fdd0000 - 0x000000006fde1000 	C:\Program Files\Java\jdk1.8.0_171\jre\bin\nio.dll
0x000000006e8f0000 - 0x000000006ea88000 	C:\Program Files\Java\jdk1.8.0_171\jre\bin\awt.dll
0x00007fff36f70000 - 0x00007fff37034000 	C:\WINDOWS\System32\OLEAUT32.dll
0x00007fff328f0000 - 0x00007fff3297f000 	C:\WINDOWS\SYSTEM32\apphelp.dll
0x00007fff32d10000 - 0x00007fff32da9000 	C:\WINDOWS\system32\uxtheme.dll
0x00007fff36420000 - 0x00007fff36555000 	C:\WINDOWS\System32\MSCTF.dll
0x00007fff36560000 - 0x00007fff366b6000 	C:\WINDOWS\System32\ole32.dll
0x00007fff337c0000 - 0x00007fff337ed000 	C:\WINDOWS\system32\DWMAPI.DLL
0x00007fff253a0000 - 0x00007fff254f6000 	C:\WINDOWS\system32\opengl32.dll
0x00007fff271a0000 - 0x00007fff271cc000 	C:\WINDOWS\SYSTEM32\GLU32.dll
0x00007fff33f10000 - 0x00007fff33f30000 	C:\WINDOWS\SYSTEM32\dxcore.dll
0x000000006fd80000 - 0x000000006fdc7000 	C:\Program Files\Java\jdk1.8.0_171\jre\bin\fontmanager.dll
0x000000006fd50000 - 0x000000006fd7a000 	C:\Program Files\Java\jdk1.8.0_171\jre\bin\dcpr.dll
0x000000006fd00000 - 0x000000006fd42000 	C:\Program Files\Java\jdk1.8.0_171\jre\bin\t2k.dll
0x00007fff2ce50000 - 0x00007fff2ceee000 	C:\WINDOWS\System32\TextInputFramework.dll
0x00007fff2d2f0000 - 0x00007fff2d61a000 	C:\WINDOWS\System32\CoreUIComponents.dll
0x00007fff34290000 - 0x00007fff342c1000 	C:\WINDOWS\SYSTEM32\ntmarta.dll
0x00007fff32660000 - 0x00007fff32734000 	C:\WINDOWS\System32\CoreMessaging.dll
0x00007fff307c0000 - 0x00007fff30913000 	C:\WINDOWS\SYSTEM32\wintypes.dll
0x00007fff2b530000 - 0x00007fff2b7d6000 	C:\WINDOWS\System32\iertutil.dll
0x00007fff33b10000 - 0x00007fff33d04000 	C:\WINDOWS\SYSTEM32\dbghelp.dll

VM Arguments:
jvm_args: -javaagent:C:\Program Files\JetBrains\IntelliJ IDEA Community Edition 2019.1\lib\idea_rt.jar=56444:C:\Program Files\JetBrains\IntelliJ IDEA Community Edition 2019.1\bin -Dfile.encoding=UTF-8 
java_command: Visual.ComputeUpwardGridDrawing data/graph_11.json
java_class_path (initial): C:\Program Files\Java\jdk1.8.0_171\jre\lib\charsets.jar;C:\Program Files\Java\jdk1.8.0_171\jre\lib\deploy.jar;C:\Program Files\Java\jdk1.8.0_171\jre\lib\ext\access-bridge-64.jar;C:\Program Files\Java\jdk1.8.0_171\jre\lib\ext\cldrdata.jar;C:\Program Files\Java\jdk1.8.0_171\jre\lib\ext\dnsns.jar;C:\Program Files\Java\jdk1.8.0_171\jre\lib\ext\jaccess.jar;C:\Program Files\Java\jdk1.8.0_171\jre\lib\ext\jfxrt.jar;C:\Program Files\Java\jdk1.8.0_171\jre\lib\ext\localedata.jar;C:\Program Files\Java\jdk1.8.0_171\jre\lib\ext\nashorn.jar;C:\Program Files\Java\jdk1.8.0_171\jre\lib\ext\sunec.jar;C:\Program Files\Java\jdk1.8.0_171\jre\lib\ext\sunjce_provider.jar;C:\Program Files\Java\jdk1.8.0_171\jre\lib\ext\sunmscapi.jar;C:\Program Files\Java\jdk1.8.0_171\jre\lib\ext\sunpkcs11.jar;C:\Program Files\Java\jdk1.8.0_171\jre\lib\ext\zipfs.jar;C:\Program Files\Java\jdk1.8.0_171\jre\lib\javaws.jar;C:\Program Files\Java\jdk1.8.0_171\jre\lib\jce.jar;C:\Program Files\Java\jdk1.8.0_171\jre\lib\jfr.jar;C:\Program Files\Java\jdk1.8.0_171\jre\lib\jfxswt.jar;C:\Program Files\Java\jdk1.8.0_171\jre\lib\jsse.jar;C:\Program Files\Java\jdk1.8.0_171\jre\lib\management-agent.jar;C:\Program Files\Java\jdk1.8.0_171\jre\lib\plugin.jar;C:\Program Files\Java\jdk1.8.0_171\jre\lib\resources.jar;C:\Program Files\Java\jdk1.8.0_171\jre\lib\rt.jar;E:\Ecole Polytechnique\Zhong Benxin X2018 - PI\out\production\Zhong Benxin X2018 - PI;E:\Ecole Polytechnique\Zhong Benxin X2018 - PI\lib\jackson-annotations-2.2.3.jar;E:\Ecole Polytechnique\Zhong Benxin X2018 - PI\lib\jackson-core-2.2.3.jar;E:\Ecole Polytechnique\Zhong Benxin X2018 - PI\lib\jackson-databind-2.2.3.jar;E:\Ecole Polytechnique\Zhong Benxin X2018 - PI\lib\core.jar;E:\Ecole Polytechnique\Zhong Benxin X2018 - PI\lib\TC.jar;C:\Program Files\JetBrains\IntelliJ IDEA Community Edition 2019.1\lib\idea_rt.jar
Launcher Type: SUN_STANDARD

Environment Variables:
PATH=C:\Users\asus\AppData\Local\Programs\Python;C:\WINDOWS\System32;C:\WINDOWS;C:\WINDOWS\System32\Wbem;C:\WINDOWS\System32\WindowsPowerShell\v1.0\;C:\Program Files\nodejs\;D:\FreeFem++;C:\Users\asus\AppData\Local\Microsoft\WindowsApps;D:\CTEX\UserData\miktex/bin\;D:\Microsoft VS Code\bin;E:\tools\curl-7.61.1-win64-mingw\bin;C:\Users\asus\AppData\Local\Microsoft\WindowsApps;C:\Users\asus\AppData\Roaming\npm;D:\Develop\nodejs\node_global\node_modules;;D:\PyCharm Community Edition 2019.2.5\bin;
USERNAME=QYM
OS=Windows_NT
PROCESSOR_IDENTIFIER=Intel64 Family 6 Model 78 Stepping 3, GenuineIntel



---------------  S Y S T E M  ---------------

OS: Windows 10.0 , 64 bit Build 18362 (10.0.18362.329)

CPU:total 4 (initial active 4) (2 cores per cpu, 2 threads per core) family 6 model 78 stepping 3, cmov, cx8, fxsr, mmx, sse, sse2, sse3, ssse3, sse4.1, sse4.2, popcnt, avx, avx2, aes, clmul, erms, 3dnowpref, lzcnt, ht, tsc, tscinvbit, bmi1, bmi2, adx

Memory: 4k page, physical 8282204k(3091304k free), swap 12476508k(3938920k free)

vm_info: Java HotSpot(TM) 64-Bit Server VM (25.171-b11) for windows-amd64 JRE (1.8.0_171-b11), built on Mar 28 2018 16:06:12 by "java_re" with MS VC++ 10.0 (VS2010)

time: Mon Jan 20 15:20:29 2020
elapsed time: 25 seconds (0d 0h 0m 25s)

